Added Component: Designator=12VIN1(HDR1X2)
Added Component: Designator=12VIN2(HDR1X2)
Added Component: Designator=C1(C0603)
Added Component: Designator=C2(C0603)
Added Component: Designator=C3(C0603)
Added Component: Designator=C4(C0603)
Added Component: Designator=C5(C0603)
Added Component: Designator=C6(C0603)
Added Component: Designator=C7(C0603)
Added Component: Designator=C8(C0603)
Added Component: Designator=OUT(HDR1X2)
Added Component: Designator=P0(DF13-1.25-8A)
Added Component: Designator=PWM(DF13-1.25-3A)
Added Component: Designator=R1(R0603)
Added Component: Designator=R2(R0603)
Added Component: Designator=R?(R0603)
Added Component: Designator=SC1(SCRREW_M3)
Added Component: Designator=SC2(SCRREW_M3)
Added Component: Designator=SC3(SCRREW_M3)
Added Component: Designator=SC4(SCRREW_M3)
Added Component: Designator=SPEED(DF13-1.25-3A)
Added Component: Designator=SR(R1206)
Added Component: Designator=SWD(DF13-1.25-4A)
Added Component: Designator=SW(HDR1X2)
Added Component: Designator=U1(SOT23)
Added Component: Designator=U2(ST_LQFP48)
Added Component: Designator=UART1(DF13-1.25-3A)
Added Component: Designator=UART2(DF13-1.25-3A)
Added Component: Designator=Y1(CRYSMD3.2X1.3)
Added Pin To Net: NetName=12V Pin=12VIN1-1
Added Pin To Net: NetName=12V Pin=12VIN2-1
Added Pin To Net: NetName=12V Pin=SW-1
Added Net: Name=12V
Added Pin To Net: NetName=ADC_C Pin=R2-2
Added Pin To Net: NetName=ADC_C Pin=R?-1
Added Pin To Net: NetName=ADC_C Pin=U2-11
Added Net: Name=ADC_C
Added Pin To Net: NetName=ADC_I Pin=OUT-2
Added Pin To Net: NetName=ADC_I Pin=SR-1
Added Pin To Net: NetName=ADC_I Pin=U2-10
Added Net: Name=ADC_I
Added Pin To Net: NetName=BL Pin=P0-3
Added Pin To Net: NetName=BL Pin=U2-12
Added Net: Name=BL
Added Pin To Net: NetName=CS Pin=P0-8
Added Pin To Net: NetName=CS Pin=U2-14
Added Net: Name=CS
Added Pin To Net: NetName=GND Pin=12VIN1-2
Added Pin To Net: NetName=GND Pin=12VIN2-2
Added Pin To Net: NetName=GND Pin=C1-2
Added Pin To Net: NetName=GND Pin=C2-2
Added Pin To Net: NetName=GND Pin=C3-1
Added Pin To Net: NetName=GND Pin=C4-1
Added Pin To Net: NetName=GND Pin=C5-1
Added Pin To Net: NetName=GND Pin=C6-1
Added Pin To Net: NetName=GND Pin=C7-1
Added Pin To Net: NetName=GND Pin=C8-1
Added Pin To Net: NetName=GND Pin=P0-1
Added Pin To Net: NetName=GND Pin=PWM-3
Added Pin To Net: NetName=GND Pin=R1-1
Added Pin To Net: NetName=GND Pin=R?-2
Added Pin To Net: NetName=GND Pin=SPEED-3
Added Pin To Net: NetName=GND Pin=SR-2
Added Pin To Net: NetName=GND Pin=SWD-4
Added Pin To Net: NetName=GND Pin=U1-1
Added Pin To Net: NetName=GND Pin=U2-8
Added Pin To Net: NetName=GND Pin=U2-23
Added Pin To Net: NetName=GND Pin=U2-35
Added Pin To Net: NetName=GND Pin=U2-47
Added Pin To Net: NetName=GND Pin=UART1-3
Added Pin To Net: NetName=GND Pin=UART2-3
Added Pin To Net: NetName=GND Pin=Y1-2
Added Net: Name=GND
Added Pin To Net: NetName=MISO Pin=P0-6
Added Pin To Net: NetName=MISO Pin=U2-16
Added Net: Name=MISO
Added Pin To Net: NetName=MOSI Pin=P0-5
Added Pin To Net: NetName=MOSI Pin=U2-17
Added Net: Name=MOSI
Added Pin To Net: NetName=NetR1_2 Pin=R1-2
Added Pin To Net: NetName=NetR1_2 Pin=U2-44
Added Net: Name=NetR1_2
Added Pin To Net: NetName=NetU2_5 Pin=U2-5
Added Pin To Net: NetName=NetU2_5 Pin=Y1-1
Added Net: Name=NetU2_5
Added Pin To Net: NetName=NetU2_6 Pin=U2-6
Added Pin To Net: NetName=NetU2_6 Pin=Y1-3
Added Net: Name=NetU2_6
Added Pin To Net: NetName=PWN0 Pin=PWM-1
Added Pin To Net: NetName=PWN0 Pin=U2-19
Added Net: Name=PWN0
Added Pin To Net: NetName=REST1 Pin=C4-2
Added Pin To Net: NetName=REST1 Pin=U2-7
Added Net: Name=REST1
Added Pin To Net: NetName=RS Pin=P0-4
Added Pin To Net: NetName=RS Pin=U2-13
Added Net: Name=RS
Added Pin To Net: NetName=RX1 Pin=U2-31
Added Pin To Net: NetName=RX1 Pin=UART1-1
Added Net: Name=RX1
Added Pin To Net: NetName=RX2 Pin=U2-22
Added Pin To Net: NetName=RX2 Pin=UART2-2
Added Net: Name=RX2
Added Pin To Net: NetName=SCK Pin=P0-7
Added Pin To Net: NetName=SCK Pin=U2-15
Added Net: Name=SCK
Added Pin To Net: NetName=SPEED Pin=SPEED-1
Added Pin To Net: NetName=SPEED Pin=U2-41
Added Net: Name=SPEED
Added Pin To Net: NetName=SWCLK Pin=SWD-3
Added Pin To Net: NetName=SWCLK Pin=U2-37
Added Net: Name=SWCLK
Added Pin To Net: NetName=SWDIO Pin=SWD-2
Added Pin To Net: NetName=SWDIO Pin=U2-34
Added Net: Name=SWDIO
Added Pin To Net: NetName=TX1 Pin=U2-30
Added Pin To Net: NetName=TX1 Pin=UART1-2
Added Net: Name=TX1
Added Pin To Net: NetName=TX2 Pin=U2-21
Added Pin To Net: NetName=TX2 Pin=UART2-1
Added Net: Name=TX2
Added Pin To Net: NetName=VCC12V Pin=OUT-1
Added Pin To Net: NetName=VCC12V Pin=R2-1
Added Pin To Net: NetName=VCC12V Pin=SW-2
Added Net: Name=VCC12V
Added Pin To Net: NetName=VDD_3V3 Pin=C2-1
Added Pin To Net: NetName=VDD_3V3 Pin=C3-2
Added Pin To Net: NetName=VDD_3V3 Pin=C5-2
Added Pin To Net: NetName=VDD_3V3 Pin=C6-2
Added Pin To Net: NetName=VDD_3V3 Pin=C7-2
Added Pin To Net: NetName=VDD_3V3 Pin=C8-2
Added Pin To Net: NetName=VDD_3V3 Pin=P0-2
Added Pin To Net: NetName=VDD_3V3 Pin=SWD-1
Added Pin To Net: NetName=VDD_3V3 Pin=U1-2
Added Pin To Net: NetName=VDD_3V3 Pin=U2-1
Added Pin To Net: NetName=VDD_3V3 Pin=U2-9
Added Pin To Net: NetName=VDD_3V3 Pin=U2-24
Added Pin To Net: NetName=VDD_3V3 Pin=U2-36
Added Pin To Net: NetName=VDD_3V3 Pin=U2-48
Added Net: Name=VDD_3V3
Added Pin To Net: NetName=VIN Pin=C1-1
Added Pin To Net: NetName=VIN Pin=PWM-2
Added Pin To Net: NetName=VIN Pin=SPEED-2
Added Pin To Net: NetName=VIN Pin=U1-3
Added Net: Name=VIN
Added Class: Name=liuyang
