Added Component: Designator=C1(C0603)
Added Component: Designator=C2(C0603)
Added Component: Designator=C3(C0603)
Added Component: Designator=C4(C0603)
Added Component: Designator=C5(C0603)
Added Component: Designator=C6(C0603)
Added Component: Designator=C7(C0603)
Added Component: Designator=P0(SHL8P)
Added Component: Designator=P1(SHL8P)
Added Component: Designator=P2(DF13-1.25-6A)
Added Component: Designator=P3(DF13-1.25-4A)
Added Component: Designator=R1(R0603)
Added Component: Designator=R2(R0603)
Added Component: Designator=SW1(DF13-1.25-4A)
Added Component: Designator=U1(SOT23)
Added Component: Designator=U2(ST_LQFP48)
Added Component: Designator=Y1(CRYSMD3.2X1.3)
Added Pin To Net: NetName=VIN Pin=C1-1
Added Pin To Net: NetName=GND Pin=C1-2
Added Pin To Net: NetName=VDD_3V3 Pin=C2-1
Added Pin To Net: NetName=GND Pin=C2-2
Added Pin To Net: NetName=GND Pin=C3-1
Added Pin To Net: NetName=VDD_3V3 Pin=C3-2
Added Pin To Net: NetName=GND Pin=C4-1
Added Pin To Net: NetName=REST1 Pin=C4-2
Added Pin To Net: NetName=GND Pin=C5-1
Added Pin To Net: NetName=VDD_3V3 Pin=C5-2
Added Pin To Net: NetName=GND Pin=C6-1
Added Pin To Net: NetName=VDD_3V3 Pin=C6-2
Added Pin To Net: NetName=GND Pin=C7-1
Added Pin To Net: NetName=VDD_3V3 Pin=C7-2
Added Pin To Net: NetName=GND Pin=P0-1
Added Pin To Net: NetName=VDD_3V3 Pin=P0-2
Added Pin To Net: NetName=BL Pin=P0-3
Added Pin To Net: NetName=RS Pin=P0-4
Added Pin To Net: NetName=MOSI Pin=P0-5
Added Pin To Net: NetName=MISO Pin=P0-6
Added Pin To Net: NetName=SCK Pin=P0-7
Added Pin To Net: NetName=CS Pin=P0-8
Added Pin To Net: NetName=VDD_3V3 Pin=P2-1
Added Pin To Net: NetName=POT Pin=P2-2
Added Pin To Net: NetName=GND Pin=P2-3
Added Pin To Net: NetName=GND Pin=P2-4
Added Pin To Net: NetName=SPEED Pin=P2-5
Added Pin To Net: NetName=VDD_3V3 Pin=P2-6
Added Pin To Net: NetName=VIN Pin=P3-1
Added Pin To Net: NetName=GND Pin=P3-3
Added Pin To Net: NetName=GND Pin=R1-1
Added Pin To Net: NetName=NetR1_2 Pin=R1-2
Added Pin To Net: NetName=REST1 Pin=R2-1
Added Pin To Net: NetName=VDD_3V3 Pin=R2-2
Added Pin To Net: NetName=GND Pin=SW1-1
Added Pin To Net: NetName=SWCLK Pin=SW1-2
Added Pin To Net: NetName=SWDIO Pin=SW1-3
Added Pin To Net: NetName=VDD_3V3 Pin=SW1-4
Added Pin To Net: NetName=GND Pin=U1-1
Added Pin To Net: NetName=VDD_3V3 Pin=U1-2
Added Pin To Net: NetName=VIN Pin=U1-3
Added Pin To Net: NetName=VDD_3V3 Pin=U2-1
Added Pin To Net: NetName=NetU2_5 Pin=U2-5
Added Pin To Net: NetName=NetU2_6 Pin=U2-6
Added Pin To Net: NetName=REST1 Pin=U2-7
Added Pin To Net: NetName=GND Pin=U2-8
Added Pin To Net: NetName=VDD_3V3 Pin=U2-9
Added Pin To Net: NetName=BL Pin=U2-12
Added Pin To Net: NetName=RS Pin=U2-13
Added Pin To Net: NetName=CS Pin=U2-14
Added Pin To Net: NetName=SCK Pin=U2-15
Added Pin To Net: NetName=MISO Pin=U2-16
Added Pin To Net: NetName=MOSI Pin=U2-17
Added Pin To Net: NetName=POT Pin=U2-18
Added Pin To Net: NetName=PWN Pin=U2-19
Added Pin To Net: NetName=GND Pin=U2-23
Added Pin To Net: NetName=VDD_3V3 Pin=U2-24
Added Pin To Net: NetName=TX1 Pin=U2-30
Added Pin To Net: NetName=RX1 Pin=U2-31
Added Pin To Net: NetName=SWDIO Pin=U2-34
Added Pin To Net: NetName=GND Pin=U2-35
Added Pin To Net: NetName=VDD_3V3 Pin=U2-36
Added Pin To Net: NetName=SWCLK Pin=U2-37
Added Pin To Net: NetName=SPEED Pin=U2-41
Added Pin To Net: NetName=NetR1_2 Pin=U2-44
Added Pin To Net: NetName=GND Pin=U2-47
Added Pin To Net: NetName=VDD_3V3 Pin=U2-48
Added Pin To Net: NetName=NetU2_5 Pin=Y1-1
Added Pin To Net: NetName=GND Pin=Y1-2
Added Pin To Net: NetName=NetU2_6 Pin=Y1-3
Added Pin To Net: NetName=PWN0 Pin=P3-2
Added Net: Name=PWN0
Added Pin To Net: NetName=PWN1 Pin=P3-4
Added Net: Name=PWN1
Added Member To Class: ClassName=liuyang Member=Component C1 100n
Added Member To Class: ClassName=liuyang Member=Component C2 100n
Added Member To Class: ClassName=liuyang Member=Component C3 10UF
Added Member To Class: ClassName=liuyang Member=Component C4 0.1uF
Added Member To Class: ClassName=liuyang Member=Component C5 10UF
Added Member To Class: ClassName=liuyang Member=Component C6 0.1uF
Added Member To Class: ClassName=liuyang Member=Component C7 0.1uF
Added Member To Class: ClassName=liuyang Member=Component P0 OLED
Added Member To Class: ClassName=liuyang Member=Component P1 нк╠е
Added Member To Class: ClassName=liuyang Member=Component P2 Header 6
Added Member To Class: ClassName=liuyang Member=Component P3 CON4
Added Member To Class: ClassName=liuyang Member=Component R1 10K
Added Member To Class: ClassName=liuyang Member=Component R2 10K
Added Member To Class: ClassName=liuyang Member=Component SW1 CON4
Added Member To Class: ClassName=liuyang Member=Component U1 3.3V
Added Member To Class: ClassName=liuyang Member=Component U2 STM32F103C8
Added Member To Class: ClassName=liuyang Member=Component Y1 CSTCE8M00G55R0
